proguard-project.txt
# To enable ProGuard in your project, edit project.properties
# to define the proguard.config property as described in that file.
#
# Add project specific ProGuard rules here.
# By default, the flags in this file are appended to flags specified
# in ${sdk.dir}/tools/proguard/proguard-android.txt
# You can edit the include path and order by changing the ProGuard
# include property in project.properties.
#
# For more details, see
#   http://developer.android.com/guide/developing/tools/proguard.html

# Add any project specific keep options here:
-dontwarn com.mc.xml.model.** 
-keep class com.mc.xml.model.** { *; }
-keep class android.net.http.SslError
-keep class android.webkit.**{*;}
-dontwarn cn.sharesdk.sina.weibo.**
-keep class cn.sharesdk.**{*;}
-keep class com.sina.**{*;}
-keep class m.framework.**{*;}

-dontwarn org.apache.commons.mail.**
-keep class org.apache.commons.mail.**{*;}
-dontwarn org.apache.harmony.awt.**
-keep class org.apache.harmony.awt.**{*;}
-dontwarn com.sun.mail.imap.**
-keep class com.sun.mail.imap.**{*;}
-dontwarn javax.activation.**
-keep class javax.activation.**{*;}
# If your project uses WebView with JS, uncomment the following
# and specify the fully qualified class name to the JavaScript interface
# class:
#-keepclassmembers class fqcn.of.javascript.interface.for.webview {
#   public *;
#}