proguard/seeds.txt
com.xy.fy.main.AddFriendListActivity
com.xy.fy.main.AddFriendListActivity: AddFriendListActivity()
com.xy.fy.main.FriendApplyActivity
com.xy.fy.main.FriendApplyActivity: FriendApplyActivity()
com.xy.fy.main.FriendRecommondActivity
com.xy.fy.main.FriendRecommondActivity: FriendRecommondActivity()
com.xy.fy.main.LoginActivity
com.xy.fy.main.LoginActivity: LoginActivity()
com.xy.fy.main.MainActivity
com.xy.fy.main.MainActivity: MainActivity()
com.xy.fy.main.R$anim: int animated_remote
com.xy.fy.main.R$anim: int dialog_enter_01
com.xy.fy.main.R$anim: int dialog_exit_01
com.xy.fy.main.R$anim: int in_from_left
com.xy.fy.main.R$anim: int in_from_right
com.xy.fy.main.R$anim: int out_from_left
com.xy.fy.main.R$anim: int out_from_right
com.xy.fy.main.R$anim: int out_to_left
com.xy.fy.main.R$anim: int out_to_right
com.xy.fy.main.R$anim: int scale
com.xy.fy.main.R$anim: int textscore_translate
com.xy.fy.main.R$anim: int translate
com.xy.fy.main.R$array: int xn
com.xy.fy.main.R$attr: int actionBarDivider
com.xy.fy.main.R$attr: int actionBarItemBackground
com.xy.fy.main.R$attr: int actionBarSize
com.xy.fy.main.R$attr: int actionBarSplitStyle
com.xy.fy.main.R$attr: int actionBarStyle
com.xy.fy.main.R$attr: int actionBarTabBarStyle
com.xy.fy.main.R$attr: int actionBarTabStyle
com.xy.fy.main.R$attr: int actionBarTabTextStyle
com.xy.fy.main.R$attr: int actionBarWidgetTheme
com.xy.fy.main.R$attr: int actionButtonStyle
com.xy.fy.main.R$attr: int actionDropDownStyle
com.xy.fy.main.R$attr: int actionMenuTextAppearance
com.xy.fy.main.R$attr: int actionMenuTextColor
com.xy.fy.main.R$attr: int actionModeBackground
com.xy.fy.main.R$attr: int actionModeCloseButtonStyle
com.xy.fy.main.R$attr: int actionModeCloseDrawable
com.xy.fy.main.R$attr: int actionModePopupWindowStyle
com.xy.fy.main.R$attr: int actionModeShareDrawable
com.xy.fy.main.R$attr: int actionModeSplitBackground
com.xy.fy.main.R$attr: int actionModeStyle
com.xy.fy.main.R$attr: int actionOverflowButtonStyle
com.xy.fy.main.R$attr: int actionSpinnerItemStyle
com.xy.fy.main.R$attr: int activatedBackgroundIndicator
com.xy.fy.main.R$attr: int activityChooserViewStyle
com.xy.fy.main.R$attr: int background
com.xy.fy.main.R$attr: int backgroundSplit
com.xy.fy.main.R$attr: int backgroundStacked
com.xy.fy.main.R$attr: int behindOffset
com.xy.fy.main.R$attr: int behindScrollScale
com.xy.fy.main.R$attr: int behindWidth
com.xy.fy.main.R$attr: int border_color
com.xy.fy.main.R$bool: int abs__action_bar_embed_tabs
com.xy.fy.main.R$bool: int abs__action_bar_expanded_action_views_exclusive
com.xy.fy.main.R$bool: int abs__config_actionMenuItemAllCaps
com.xy.fy.main.R$bool: int abs__config_allowActionMenuItemTextWithIcon
com.xy.fy.main.R$bool: int abs__config_showMenuShortcutsWhenKeyboardPresent
com.xy.fy.main.R$bool: int abs__split_action_bar_is_narrow
...
com.mc.xml.model.ScoreModel
com.mc.xml.model.ScoreModel: java.lang.String xn
com.mc.xml.model.ScoreModel: com.mc.xml.model.TableScore tableScore
com.mc.xml.model.ScoreModel: ScoreModel()
com.mc.xml.model.ScoreModel: java.lang.String getXn()
com.mc.xml.model.ScoreModel: void setXn(java.lang.String)
com.mc.xml.model.ScoreModel: com.mc.xml.model.TableScore getTableScore()
com.mc.xml.model.ScoreModel: void setTableScore(com.mc.xml.model.TableScore)
com.mc.xml.model.TableScore
com.mc.xml.model.TableScore: java.lang.String xn
com.mc.xml.model.TableScore: java.lang.String xq
com.mc.xml.model.TableScore: java.lang.String kcmc
com.mc.xml.model.TableScore: java.lang.String kcxz
com.mc.xml.model.TableScore: java.lang.String xf
com.mc.xml.model.TableScore: java.lang.String pscj
com.mc.xml.model.TableScore: java.lang.String qmcj
com.mc.xml.model.TableScore: java.lang.String cj
com.mc.xml.model.TableScore: java.lang.String xymc
com.mc.xml.model.TableScore: TableScore()
com.mc.xml.model.TableScore: java.lang.String getXymc()
com.mc.xml.model.TableScore: void setXymc(java.lang.String)
com.mc.xml.model.TableScore: java.lang.String getXn()
com.mc.xml.model.TableScore: void setXn(java.lang.String)
com.mc.xml.model.TableScore: java.lang.String getXq()
com.mc.xml.model.TableScore: void setXq(java.lang.String)
com.mc.xml.model.TableScore: java.lang.String getKcmc()
com.mc.xml.model.TableScore: void setKcmc(java.lang.String)
com.mc.xml.model.TableScore: java.lang.String getKcxz()
com.mc.xml.model.TableScore: void setKcxz(java.lang.String)
com.mc.xml.model.TableScore: java.lang.String getXf()
com.mc.xml.model.TableScore: void setXf(java.lang.String)
com.mc.xml.model.TableScore: java.lang.String getPscj()
com.mc.xml.model.TableScore: void setPscj(java.lang.String)
com.mc.xml.model.TableScore: java.lang.String getQmcj()
com.mc.xml.model.TableScore: void setQmcj(java.lang.String)
com.sina.sso.RemoteSSO
com.sina.sso.RemoteSSO: java.lang.String getPackageName()
com.sina.sso.RemoteSSO: java.lang.String getActivityName()
com.sina.sso.RemoteSSO$Stub
com.sina.sso.RemoteSSO$Stub: java.lang.String DESCRIPTOR
com.sina.sso.RemoteSSO$Stub: int TRANSACTION_getPackageName
com.sina.sso.RemoteSSO$Stub: int TRANSACTION_getActivityName
com.sina.sso.RemoteSSO$Stub: RemoteSSO$Stub()
com.sina.sso.RemoteSSO$Stub: com.sina.sso.RemoteSSO asInterface(android.os.IBinder)
com.sina.sso.RemoteSSO$Stub: android.os.IBinder asBinder()
com.sina.sso.RemoteSSO$Stub: boolean onTransact(int,android.os.Parcel,android.os.Parcel,int)
com.sina.sso.RemoteSSO$Stub$Proxy
com.sina.sso.RemoteSSO$Stub$Proxy: android.os.IBinder mRemote
com.sina.sso.RemoteSSO$Stub$Proxy: RemoteSSO$Stub$Proxy(android.os.IBinder)
com.sina.sso.RemoteSSO$Stub$Proxy: android.os.IBinder asBinder()
com.sina.sso.RemoteSSO$Stub$Proxy: java.lang.String getInterfaceDescriptor()
com.sina.sso.RemoteSSO$Stub$Proxy: java.lang.String getPackageName()
com.sina.sso.RemoteSSO$Stub$Proxy: java.lang.String getActivityName()