proguard/mapping.txt
com.xy.fy.main.AddFriendListActivity -> com.xy.fy.main.AddFriendListActivity:
    java.lang.Class[] sActivityClasses -> d
    java.lang.String[] sActivityIds -> e
    android.widget.Button back -> a
    android.widget.Button friend_recommand -> b
    android.widget.Button friend_apply -> c
    android.widget.LinearLayout add_friend_layout -> f
    void onCreate(android.os.Bundle) -> onCreate
    void processViews(int) -> a
    void click() -> a
    void init() -> b
    void recommand_focus() -> c
    void apply_focus() -> d
    void access$0(com.xy.fy.main.AddFriendListActivity) -> a
    void access$1(com.xy.fy.main.AddFriendListActivity,int) -> a
    void access$2(com.xy.fy.main.AddFriendListActivity) -> b
com.xy.fy.main.AddFriendListActivity$1 -> com.xy.fy.main.a:
    com.xy.fy.main.AddFriendListActivity this$0 -> a
    void onClick(android.view.View) -> onClick
com.xy.fy.main.AddFriendListActivity$2 -> com.xy.fy.main.b:
    com.xy.fy.main.AddFriendListActivity this$0 -> a
    void onClick(android.view.View) -> onClick
com.xy.fy.main.AddFriendListActivity$3 -> com.xy.fy.main.c:
    com.xy.fy.main.AddFriendListActivity this$0 -> a
    void onClick(android.view.View) -> onClick
com.xy.fy.main.FriendApplyActivity -> com.xy.fy.main.FriendApplyActivity:
    void onCreate(android.os.Bundle) -> onCreate
com.xy.fy.main.FriendRecommondActivity -> com.xy.fy.main.FriendRecommondActivity:
    android.widget.ListView kecheng_Listview -> a
    java.util.ArrayList list_data -> b
    void onCreate(android.os.Bundle) -> onCreate
    void click() -> a
    void calcul() -> b
    boolean addData(java.lang.String,java.util.HashMap) -> a
    boolean isNumeric(java.lang.String) -> a
    void init() -> c
    void setListView() -> d
    android.widget.ListView access$0(com.xy.fy.main.FriendRecommondActivity) -> a
com.xy.fy.main.FriendRecommondActivity$1 -> com.xy.fy.main.d:
    com.xy.fy.main.FriendRecommondActivity this$0 -> a
    void onItemClick(android.widget.AdapterView,android.view.View,int,long) -> onItemClick
com.xy.fy.main.LoginActivity -> com.xy.fy.main.LoginActivity:
    int loginTimes -> c
    com.mc.util.CircleImageView photo -> d
    android.widget.AutoCompleteTextView account -> e
    android.widget.EditText password -> f
    android.widget.Button forgetPassWord -> g
    android.widget.CheckBox rememberPassword -> h
    android.widget.Button login -> i
    android.app.ProgressDialog progressDialog -> j
    java.util.List listHerf -> k
    com.mc.db.DBConnection helper -> l
    android.database.sqlite.SQLiteDatabase sqLiteDatabase -> a
    android.widget.ImageView savePic -> m
    android.widget.TextView tvHint -> n
    com.xy.fy.view.PullDoorView pullDoorView -> o
    android.os.Handler mHandler -> p
    android.graphics.Bitmap bitmap -> q
    java.lang.String scaletype -> r
    java.lang.Runnable runnableUi -> b
    void onCreate(android.os.Bundle) -> onCreate
    void setPullDoorViewImage() -> b
    void setTranslucentStatus(boolean) -> a
    void setStatusStyle() -> c
    boolean initData() -> d
    void onBackPressed() -> onBackPressed
    void isRemember() -> e
    void rememberPassword(java.lang.String,java.lang.String) -> a
    void login() -> f
    void findViewById() -> g
    void onResume() -> onResume
    com.xy.fy.view.PullDoorView access$0(com.xy.fy.main.LoginActivity) -> a
    java.lang.String access$1(com.xy.fy.main.LoginActivity) -> b
    android.graphics.Bitmap access$2(com.xy.fy.main.LoginActivity) -> c
com.xy.fy.main.LoginActivity$1 -> com.xy.fy.main.e:
    com.xy.fy.main.LoginActivity this$0 -> a
    void run() -> run
com.xy.fy.main.LoginActivity$2 -> com.xy.fy.main.f:
    com.xy.fy.main.LoginActivity this$0 -> a
    void onClick(android.view.View) -> onClick
com.xy.fy.main.LoginActivity$3 -> com.xy.fy.main.g:
    com.xy.fy.main.LoginActivity this$0 -> a
    void onClick(android.view.View) -> onClick
...
android.support.v4.view.ViewConfigurationCompat -> android.support.v4.view.ap:
    android.support.v4.view.ViewConfigurationCompat$ViewConfigurationVersionImpl IMPL -> a
    int getScaledPagingTouchSlop(android.view.ViewConfiguration) -> a
android.support.v4.view.ViewConfigurationCompat$BaseViewConfigurationVersionImpl -> android.support.v4.view.aq:
    int getScaledPagingTouchSlop(android.view.ViewConfiguration) -> a
android.support.v4.view.ViewConfigurationCompat$FroyoViewConfigurationVersionImpl -> android.support.v4.view.ar:
    int getScaledPagingTouchSlop(android.view.ViewConfiguration) -> a
android.support.v4.view.ViewConfigurationCompat$ViewConfigurationVersionImpl -> android.support.v4.view.as:
    int getScaledPagingTouchSlop(android.view.ViewConfiguration) -> a
android.support.v4.view.ViewConfigurationCompatFroyo -> android.support.v4.view.at:
    int getScaledPagingTouchSlop(android.view.ViewConfiguration) -> a
android.support.v4.view.ViewPager -> android.support.v4.view.ViewPager:
    int[] LAYOUT_ATTRS -> a
    java.util.Comparator COMPARATOR -> b
    android.view.animation.Interpolator sInterpolator -> c
    java.util.ArrayList mItems -> d
    android.support.v4.view.ViewPager$ItemInfo mTempItem -> e
    android.graphics.Rect mTempRect -> f
    android.support.v4.view.PagerAdapter mAdapter -> g
    int mCurItem -> h
    int mRestoredCurItem -> i
    android.os.Parcelable mRestoredAdapterState -> j
    java.lang.ClassLoader mRestoredClassLoader -> k
    android.widget.Scroller mScroller -> l
    android.support.v4.view.ViewPager$PagerObserver mObserver -> m
    int mPageMargin -> n
    android.graphics.drawable.Drawable mMarginDrawable -> o
    int mTopPageBounds -> p
    int mBottomPageBounds -> q
    float mFirstOffset -> r
    float mLastOffset -> s
    int mChildWidthMeasureSpec -> t
    int mChildHeightMeasureSpec -> u
    boolean mInLayout -> v
    boolean mScrollingCacheEnabled -> w
    boolean mPopulatePending -> x
    int mOffscreenPageLimit -> y
    boolean mIsBeingDragged -> z
    boolean mIsUnableToDrag -> A
    int mDefaultGutterSize -> B
    int mGutterSize -> C
    int mTouchSlop -> D
    float mLastMotionX -> E
    float mLastMotionY -> F
    float mInitialMotionX -> G
    float mInitialMotionY -> H
    int mActivePointerId -> I
    android.view.VelocityTracker mVelocityTracker -> J
    int mMinimumVelocity -> K
android.support.v4.view.ViewPager$1 -> android.support.v4.view.au:
    int compare(android.support.v4.view.ViewPager$ItemInfo,android.support.v4.view.ViewPager$ItemInfo) -> a
    int compare(java.lang.Object,java.lang.Object) -> compare
android.support.v4.view.ViewPager$2 -> android.support.v4.view.av:
    float getInterpolation(float) -> getInterpolation
android.support.v4.view.ViewPager$3 -> android.support.v4.view.aw:
    android.support.v4.view.ViewPager this$0 -> a
    void run() -> run
android.support.v4.view.ViewPager$Decor -> android.support.v4.view.ax:
android.support.v4.view.ViewPager$ItemInfo -> android.support.v4.view.ay:
    java.lang.Object object -> a
    int position -> b
    boolean scrolling -> c
    float widthFactor -> d
    float offset -> e
android.support.v4.view.ViewPager$LayoutParams -> android.support.v4.view.az:
    boolean isDecor -> a
    int gravity -> b
    float widthFactor -> c
    boolean needsMeasure -> d
    int position -> e
    int childIndex -> f
android.support.v4.view.ViewPager$MyAccessibilityDelegate -> android.support.v4.view.ba:
    android.support.v4.view.ViewPager this$0 -> b
    void onInitializeAccessibilityEvent(android.view.View,android.view.accessibility.AccessibilityEvent) -> d
    void onInitializeAccessibilityNodeInfo(android.view.View,android.support.v4.view.accessibility.AccessibilityNodeInfoCompat) -> a
    boolean performAccessibilityAction(android.view.View,int,android.os.Bundle) -> a